[     497ms] ReferenceError: Highcharts is not defined
    at https://nebo.live/en/krs/sensors/regatnaya-ulitsa-5:310:3
[     523ms] TypeError: $(...).modal is not a function
    at HTMLDocument.<anonymous> (https://nebo.live/en/krs/sensors/regatnaya-ulitsa-5:651:23)
[     805ms] ReferenceError: Highcharts is not defined
    at Object.success (https://nebo.live/en/krs/sensors/regatnaya-ulitsa-5:514:9)
    at u (https://cdnjs.cloudflare.com/ajax/libs/jquery/3.3.1/jquery.min.js:2:27457)
    at Object.fireWith [as resolveWith] (https://cdnjs.cloudflare.com/ajax/libs/jquery/3.3.1/jquery.min.js:2:28202)
    at k (https://cdnjs.cloudflare.com/ajax/libs/jquery/3.3.1/jquery.min.js:2:77651)
    at XMLHttpRequest.<anonymous> (https://cdnjs.cloudflare.com/ajax/libs/jquery/3.3.1/jquery.min.js:2:79907)
[     805ms] [ERROR] Failed to load resource: net::ERR_BLOCKED_BY_CLIENT @ https://js-agent.newrelic.com/nr-rum-1.317.0.min.js:0
[     806ms] [ERROR] Failed to load resource: net::ERR_BLOCKED_BY_CLIENT @ https://js-agent.newrelic.com/nr-rum-1.317.0.min.js:0
[   46612ms] ReferenceError: Highcharts is not defined
    at https://nebo.live/en/krs/sensors/regatnaya-ulitsa-5:310:3
[   46619ms] TypeError: $(...).modal is not a function
    at HTMLDocument.<anonymous> (https://nebo.live/en/krs/sensors/regatnaya-ulitsa-5:651:23)
[   46633ms] [ERROR] Failed to load resource: net::ERR_BLOCKED_BY_CLIENT @ https://js-agent.newrelic.com/nr-rum-1.317.0.min.js:0
[   46636ms] [ERROR] Failed to load resource: net::ERR_BLOCKED_BY_CLIENT @ https://js-agent.newrelic.com/nr-rum-1.317.0.min.js:0
[   46710ms] ReferenceError: Highcharts is not defined
    at Object.success (https://nebo.live/en/krs/sensors/regatnaya-ulitsa-5:514:9)
    at u (https://cdnjs.cloudflare.com/ajax/libs/jquery/3.3.1/jquery.min.js:2:27457)
    at Object.fireWith [as resolveWith] (https://cdnjs.cloudflare.com/ajax/libs/jquery/3.3.1/jquery.min.js:2:28202)
    at k (https://cdnjs.cloudflare.com/ajax/libs/jquery/3.3.1/jquery.min.js:2:77651)
    at XMLHttpRequest.<anonymous> (https://cdnjs.cloudflare.com/ajax/libs/jquery/3.3.1/jquery.min.js:2:79907)
